0 info it worked if it ends with ok
1 verbose cli [ '/usr/bin/node',
1 verbose cli   '/usr/local/bin/npm',
1 verbose cli   'install',
1 verbose cli   '-g',
1 verbose cli   'grunt-angular-fullstack' ]
2 info using npm@1.4.28
3 info using node@v0.10.33
4 verbose node symlink /usr/bin/node
5 verbose cache add [ 'grunt-angular-fullstack', null ]
6 verbose cache add name=undefined spec="grunt-angular-fullstack" args=["grunt-angular-fullstack",null]
7 verbose parsed url { protocol: null,
7 verbose parsed url   slashes: null,
7 verbose parsed url   auth: null,
7 verbose parsed url   host: null,
7 verbose parsed url   port: null,
7 verbose parsed url   hostname: null,
7 verbose parsed url   hash: null,
7 verbose parsed url   search: null,
7 verbose parsed url   query: null,
7 verbose parsed url   pathname: 'grunt-angular-fullstack',
7 verbose parsed url   path: 'grunt-angular-fullstack',
7 verbose parsed url   href: 'grunt-angular-fullstack' }
8 silly lockFile ca86c3a4-grunt-angular-fullstack grunt-angular-fullstack
9 verbose lock grunt-angular-fullstack /home/pirhoo/.npm/ca86c3a4-grunt-angular-fullstack.lock
10 silly lockFile ca86c3a4-grunt-angular-fullstack grunt-angular-fullstack
11 silly lockFile ca86c3a4-grunt-angular-fullstack grunt-angular-fullstack
12 verbose addNamed [ 'grunt-angular-fullstack', '' ]
13 verbose addNamed [ null, '*' ]
14 silly lockFile 96300153-grunt-angular-fullstack grunt-angular-fullstack@
15 verbose lock grunt-angular-fullstack@ /home/pirhoo/.npm/96300153-grunt-angular-fullstack.lock
16 silly addNameRange { name: 'grunt-angular-fullstack', range: '*', hasData: false }
17 verbose request where is /grunt-angular-fullstack
18 verbose request registry https://registry.npmjs.org/
19 verbose request id b8bfe62ffae08008
20 verbose url raw /grunt-angular-fullstack
21 verbose url resolving [ 'https://registry.npmjs.org/', './grunt-angular-fullstack' ]
22 verbose url resolved https://registry.npmjs.org/grunt-angular-fullstack
23 verbose request where is https://registry.npmjs.org/grunt-angular-fullstack
24 info trying registry request attempt 1 at 18:20:27
25 http GET https://registry.npmjs.org/grunt-angular-fullstack
26 http 404 https://registry.npmjs.org/grunt-angular-fullstack
27 verbose headers { date: 'Sun, 16 Nov 2014 17:20:28 GMT',
27 verbose headers   server: 'CouchDB/1.5.0 (Erlang OTP/R14B04)',
27 verbose headers   'content-type': 'application/json',
27 verbose headers   'cache-control': 'max-age=0',
27 verbose headers   'content-length': '52',
27 verbose headers   'accept-ranges': 'bytes',
27 verbose headers   via: '1.1 varnish',
27 verbose headers   age: '0',
27 verbose headers   'x-served-by': 'cache-fra1224-FRA',
27 verbose headers   'x-cache': 'MISS',
27 verbose headers   'x-cache-hits': '0',
27 verbose headers   'x-timer': 'S1416158428.003030,VS0,VE111',
27 verbose headers   'keep-alive': 'timeout=10, max=50',
27 verbose headers   connection: 'Keep-Alive' }
28 silly registry.get cb [ 404,
28 silly registry.get   { date: 'Sun, 16 Nov 2014 17:20:28 GMT',
28 silly registry.get     server: 'CouchDB/1.5.0 (Erlang OTP/R14B04)',
28 silly registry.get     'content-type': 'application/json',
28 silly registry.get     'cache-control': 'max-age=0',
28 silly registry.get     'content-length': '52',
28 silly registry.get     'accept-ranges': 'bytes',
28 silly registry.get     via: '1.1 varnish',
28 silly registry.get     age: '0',
28 silly registry.get     'x-served-by': 'cache-fra1224-FRA',
28 silly registry.get     'x-cache': 'MISS',
28 silly registry.get     'x-cache-hits': '0',
28 silly registry.get     'x-timer': 'S1416158428.003030,VS0,VE111',
28 silly registry.get     'keep-alive': 'timeout=10, max=50',
28 silly registry.get     connection: 'Keep-Alive' } ]
29 silly lockFile 96300153-grunt-angular-fullstack grunt-angular-fullstack@
30 silly lockFile 96300153-grunt-angular-fullstack grunt-angular-fullstack@
31 error 404 404 Not Found: grunt-angular-fullstack
31 error 404
31 error 404 'grunt-angular-fullstack' is not in the npm registry.
31 error 404 You should bug the author to publish it
31 error 404
31 error 404 Note that you can also install from a
31 error 404 tarball, folder, or http url, or git url.
32 error System Linux 3.11.0-19-generic
33 error command "/usr/bin/node" "/usr/local/bin/npm" "install" "-g" "grunt-angular-fullstack"
34 error cwd /home/pirhoo/Lab/Personnal/fledit
35 error node -v v0.10.33
36 error npm -v 1.4.28
37 error code E404
38 verbose exit [ 1, true ]
